[I 2023-03-30 15:13:38.875 ServerApp] jupyterlab | extension was successfully linked.
[I 2023-03-30 15:13:40.945 ServerApp] notebook_shim | extension was successfully linked.
[I 2023-03-30 15:13:41.097 ServerApp] notebook_shim | extension was successfully loaded.
[I 2023-03-30 15:13:41.103 LabApp] JupyterLab extension loaded from /home/aureliobarbosa/.local/lib/python3.10/site-packages/jupyterlab
[I 2023-03-30 15:13:41.104 LabApp] JupyterLab application directory is /home/aureliobarbosa/.local/share/jupyter/lab
[I 2023-03-30 15:13:41.127 ServerApp] jupyterlab | extension was successfully loaded.
[I 2023-03-30 15:13:41.129 ServerApp] Serving notebooks from local directory: /home/aureliobarbosa/mycode/python_course
[I 2023-03-30 15:13:41.130 ServerApp] Jupyter Server 1.18.1 is running at:
[I 2023-03-30 15:13:41.130 ServerApp] http://localhost:8888/lab?token=3f993192b0338ccd034334cb4b9a9924d40cc78d089e2cb9
[I 2023-03-30 15:13:41.130 ServerApp]  or http://127.0.0.1:8888/lab?token=3f993192b0338ccd034334cb4b9a9924d40cc78d089e2cb9
[I 2023-03-30 15:13:41.130 ServerApp] Use Control-C to stop this server and shut down all kernels (twice to skip confirmation).
[C 2023-03-30 15:13:41.261 ServerApp] 
    
    To access the server, open this file in a browser:
        file:///home/aureliobarbosa/.local/share/jupyter/runtime/jpserver-8716-open.html
    Or copy and paste one of these URLs:
        http://localhost:8888/lab?token=3f993192b0338ccd034334cb4b9a9924d40cc78d089e2cb9
     or http://127.0.0.1:8888/lab?token=3f993192b0338ccd034334cb4b9a9924d40cc78d089e2cb9
[W 2023-03-30 15:13:50.858 LabApp] Could not determine jupyterlab build status without nodejs
[W 2023-03-30 15:13:53.817 ServerApp] 404 GET /api/contents/mycode/python_course/calcula.ipynb?content=0&1680200033607 (127.0.0.1): file or directory does not exist: 'mycode/python_course/calcula.ipynb'
[W 2023-03-30 15:13:53.818 ServerApp] file or directory does not exist: 'mycode/python_course/calcula.ipynb'
[W 2023-03-30 15:13:53.820 ServerApp] 404 GET /api/contents/mycode/python_course/calcula.ipynb?content=0&1680200033607 (127.0.0.1) 97.96ms referer=http://localhost:8888/lab
[W 2023-03-30 15:13:53.830 ServerApp] 404 GET /api/contents/mycode/python_course/calcula.py?content=0&1680200033614 (127.0.0.1): file or directory does not exist: 'mycode/python_course/calcula.py'
[W 2023-03-30 15:13:53.831 ServerApp] file or directory does not exist: 'mycode/python_course/calcula.py'
[W 2023-03-30 15:13:53.832 ServerApp] 404 GET /api/contents/mycode/python_course/calcula.py?content=0&1680200033614 (127.0.0.1) 7.74ms referer=http://localhost:8888/lab
[W 2023-03-30 15:13:56.301 ServerApp] 404 GET /api/contents/mycode/python_course?1680200036271 (127.0.0.1): file or directory does not exist: 'mycode/python_course'
[W 2023-03-30 15:13:56.302 ServerApp] file or directory does not exist: 'mycode/python_course'
[W 2023-03-30 15:13:56.303 ServerApp] 404 GET /api/contents/mycode/python_course?1680200036271 (127.0.0.1) 4.66ms referer=http://localhost:8888/lab
[I 2023-03-30 15:29:54.912 ServerApp] Creating new notebook in 
[I 2023-03-30 15:30:05.190 ServerApp] Kernel started: b37a2a9d-88cc-483e-a777-bf87baa3f6ce
[W 2023-03-30 15:30:09.618 ServerApp] Got events for closed stream <zmq.eventloop.zmqstream.ZMQStream object at 0x7fc3d5134fd0>
[I 2023-03-30 15:30:37.177 ServerApp] Creating new directory in 
[I 2023-03-30 15:31:56.052 ServerApp] Saving file at /apresentacao.ipynb
[I 2023-03-30 15:33:56.137 ServerApp] Saving file at /apresentacao.ipynb
[I 2023-03-30 15:35:56.218 ServerApp] Saving file at /apresentacao.ipynb
[I 2023-03-30 15:37:56.305 ServerApp] Saving file at /apresentacao.ipynb
[I 2023-03-30 15:39:56.382 ServerApp] Saving file at /apresentacao.ipynb
[I 2023-03-30 15:41:56.455 ServerApp] Saving file at /apresentacao.ipynb
[I 2023-03-30 15:43:58.474 ServerApp] Saving file at /apresentacao.ipynb
[I 2023-03-30 15:45:59.026 ServerApp] Saving file at /apresentacao.ipynb
[I 2023-03-30 15:46:13.982 ServerApp] Creating new directory in 
[I 2023-03-30 15:47:59.788 ServerApp] Saving file at /apresentacao.ipynb
[I 2023-03-30 15:49:59.950 ServerApp] Saving file at /apresentacao.ipynb
[I 2023-03-30 15:52:00.451 ServerApp] Saving file at /apresentacao.ipynb
[I 2023-03-30 15:52:19.917 ServerApp] Saving file at /apresentacao.ipynb
